0 info it worked if it ends with ok
1 verbose cli [ '/usr/bin/node',
1 verbose cli   '/usr/bin/npm',
1 verbose cli   'install',
1 verbose cli   '--save',
1 verbose cli   'jquery',
1 verbose cli   'popper.js.' ]
2 info using npm@3.5.2
3 info using node@v8.10.0
4 silly loadCurrentTree Starting
5 silly install loadCurrentTree
6 silly install readLocalPackageData
7 silly fetchPackageMetaData jquery
8 silly fetchPackageMetaData popper.js.
9 silly fetchNamedPackageData jquery
10 silly mapToRegistry name jquery
11 silly mapToRegistry using default registry
12 silly mapToRegistry registry https://registry.npmjs.org/
13 silly mapToRegistry uri https://registry.npmjs.org/jquery
14 silly fetchNamedPackageData popper.js.
15 silly mapToRegistry name popper.js.
16 silly mapToRegistry using default registry
17 silly mapToRegistry registry https://registry.npmjs.org/
18 silly mapToRegistry uri https://registry.npmjs.org/popper.js.
19 verbose request uri https://registry.npmjs.org/jquery
20 verbose request no auth needed
21 info attempt registry request try #1 at 5:48:28 PM
22 verbose request id fc0f201e454efa32
23 http request GET https://registry.npmjs.org/jquery
24 verbose request uri https://registry.npmjs.org/popper.js.
25 verbose request no auth needed
26 info attempt registry request try #1 at 5:48:28 PM
27 http request GET https://registry.npmjs.org/popper.js.
28 http 200 https://registry.npmjs.org/jquery
29 verbose headers { date: 'Thu, 15 Nov 2018 16:48:26 GMT',
29 verbose headers   'content-type': 'application/json; charset=UTF-8',
29 verbose headers   'transfer-encoding': 'chunked',
29 verbose headers   connection: 'keep-alive',
29 verbose headers   'set-cookie':
29 verbose headers    [ '__cfduid=ddf86753a8d850b5b93786a38afe000e21542300506; expires=Fri, 15-Nov-19 16:48:26 GMT; path=/; domain=.registry.npmjs.org; HttpOnly' ],
29 verbose headers   'cf-cache-status': 'HIT',
29 verbose headers   'cache-control': 'max-age=300',
29 verbose headers   'cf-ray': '47a33494e8ad68d8-CDG',
29 verbose headers   etag: 'W/"f8c44c36454da20858d8d0456169f0e9"',
29 verbose headers   'expect-ct': 'max-age=604800, report-uri="https://report-uri.cloudflare.com/cdn-cgi/beacon/expect-ct"',
29 verbose headers   'last-modified': 'Sun, 12 Aug 2018 22:42:53 GMT',
29 verbose headers   vary: 'accept-encoding, accept',
29 verbose headers   server: 'cloudflare',
29 verbose headers   'content-encoding': 'gzip' }
30 silly get cb [ 200,
30 silly get   { date: 'Thu, 15 Nov 2018 16:48:26 GMT',
30 silly get     'content-type': 'application/json; charset=UTF-8',
30 silly get     'transfer-encoding': 'chunked',
30 silly get     connection: 'keep-alive',
30 silly get     'set-cookie':
30 silly get      [ '__cfduid=ddf86753a8d850b5b93786a38afe000e21542300506; expires=Fri, 15-Nov-19 16:48:26 GMT; path=/; domain=.registry.npmjs.org; HttpOnly' ],
30 silly get     'cf-cache-status': 'HIT',
30 silly get     'cache-control': 'max-age=300',
30 silly get     'cf-ray': '47a33494e8ad68d8-CDG',
30 silly get     etag: 'W/"f8c44c36454da20858d8d0456169f0e9"',
30 silly get     'expect-ct': 'max-age=604800, report-uri="https://report-uri.cloudflare.com/cdn-cgi/beacon/expect-ct"',
30 silly get     'last-modified': 'Sun, 12 Aug 2018 22:42:53 GMT',
30 silly get     vary: 'accept-encoding, accept',
30 silly get     server: 'cloudflare',
30 silly get     'content-encoding': 'gzip' } ]
31 verbose get saving jquery to /home/andrea/.npm/registry.npmjs.org/jquery/.cache.json
32 verbose makeDirectory /home/andrea/.npm creation not in flight; initializing
33 silly makeDirectory /home/andrea/.npm uid: 1000 gid: 1000
34 http 404 https://registry.npmjs.org/popper.js.
35 verbose headers { date: 'Thu, 15 Nov 2018 16:48:27 GMT',
35 verbose headers   'content-type': 'application/json',
35 verbose headers   'content-length': '21',
35 verbose headers   connection: 'keep-alive',
35 verbose headers   'set-cookie':
35 verbose headers    [ '__cfduid=dc6e988feebbe2cabe7c29b08803493401542300506; expires=Fri, 15-Nov-19 16:48:26 GMT; path=/; domain=.registry.npmjs.org; HttpOnly' ],
35 verbose headers   'cf-cache-status': 'MISS',
35 verbose headers   'cache-control': 'max-age=300',
35 verbose headers   'cf-ray': '47a33494e8546908-CDG',
35 verbose headers   'expect-ct': 'max-age=604800, report-uri="https://report-uri.cloudflare.com/cdn-cgi/beacon/expect-ct"',
35 verbose headers   vary: 'accept-encoding, accept',
35 verbose headers   server: 'cloudflare' }
36 silly get cb [ 404,
36 silly get   { date: 'Thu, 15 Nov 2018 16:48:27 GMT',
36 silly get     'content-type': 'application/json',
36 silly get     'content-length': '21',
36 silly get     connection: 'keep-alive',
36 silly get     'set-cookie':
36 silly get      [ '__cfduid=dc6e988feebbe2cabe7c29b08803493401542300506; expires=Fri, 15-Nov-19 16:48:26 GMT; path=/; domain=.registry.npmjs.org; HttpOnly' ],
36 silly get     'cf-cache-status': 'MISS',
36 silly get     'cache-control': 'max-age=300',
36 silly get     'cf-ray': '47a33494e8546908-CDG',
36 silly get     'expect-ct': 'max-age=604800, report-uri="https://report-uri.cloudflare.com/cdn-cgi/beacon/expect-ct"',
36 silly get     vary: 'accept-encoding, accept',
36 silly get     server: 'cloudflare' } ]
37 silly fetchPackageMetaData Error: Not found : popper.js.
37 silly fetchPackageMetaData     at makeError (/usr/share/npm/node_modules/npm-registry-client/lib/request.js:264:12)
37 silly fetchPackageMetaData     at CachingRegistryClient.<anonymous> (/usr/share/npm/node_modules/npm-registry-client/lib/request.js:252:14)
37 silly fetchPackageMetaData     at Request._callback (/usr/share/npm/node_modules/npm-registry-client/lib/request.js:172:14)
37 silly fetchPackageMetaData     at Request.self.callback (/usr/share/npm/node_modules/request/request.js:198:22)
37 silly fetchPackageMetaData     at emitTwo (events.js:126:13)
37 silly fetchPackageMetaData     at Request.emit (events.js:214:7)
37 silly fetchPackageMetaData     at Request.<anonymous> (/usr/share/npm/node_modules/request/request.js:1082:10)
37 silly fetchPackageMetaData     at emitOne (events.js:121:20)
37 silly fetchPackageMetaData     at Request.emit (events.js:211:7)
37 silly fetchPackageMetaData     at IncomingMessage.<anonymous> (/usr/share/npm/node_modules/request/request.js:1009:12)
37 silly fetchPackageMetaData  error for popper.js. { Error: Not found : popper.js.
37 silly fetchPackageMetaData     at makeError (/usr/share/npm/node_modules/npm-registry-client/lib/request.js:264:12)
37 silly fetchPackageMetaData     at CachingRegistryClient.<anonymous> (/usr/share/npm/node_modules/npm-registry-client/lib/request.js:252:14)
37 silly fetchPackageMetaData     at Request._callback (/usr/share/npm/node_modules/npm-registry-client/lib/request.js:172:14)
37 silly fetchPackageMetaData     at Request.self.callback (/usr/share/npm/node_modules/request/request.js:198:22)
37 silly fetchPackageMetaData     at emitTwo (events.js:126:13)
37 silly fetchPackageMetaData     at Request.emit (events.js:214:7)
37 silly fetchPackageMetaData     at Request.<anonymous> (/usr/share/npm/node_modules/request/request.js:1082:10)
37 silly fetchPackageMetaData     at emitOne (events.js:121:20)
37 silly fetchPackageMetaData     at Request.emit (events.js:211:7)
37 silly fetchPackageMetaData     at IncomingMessage.<anonymous> (/usr/share/npm/node_modules/request/request.js:1009:12) pkgid: 'popper.js.', statusCode: 404, code: 'E404' }
38 silly rollbackFailedOptional Starting
39 silly rollbackFailedOptional Finishing
40 silly runTopLevelLifecycles Starting
41 silly runTopLevelLifecycles Finishing
42 silly install printInstalled
43 verbose stack Error: Not found : popper.js.
43 verbose stack     at makeError (/usr/share/npm/node_modules/npm-registry-client/lib/request.js:264:12)
43 verbose stack     at CachingRegistryClient.<anonymous> (/usr/share/npm/node_modules/npm-registry-client/lib/request.js:252:14)
43 verbose stack     at Request._callback (/usr/share/npm/node_modules/npm-registry-client/lib/request.js:172:14)
43 verbose stack     at Request.self.callback (/usr/share/npm/node_modules/request/request.js:198:22)
43 verbose stack     at emitTwo (events.js:126:13)
43 verbose stack     at Request.emit (events.js:214:7)
43 verbose stack     at Request.<anonymous> (/usr/share/npm/node_modules/request/request.js:1082:10)
43 verbose stack     at emitOne (events.js:121:20)
43 verbose stack     at Request.emit (events.js:211:7)
43 verbose stack     at IncomingMessage.<anonymous> (/usr/share/npm/node_modules/request/request.js:1009:12)
44 verbose statusCode 404
45 verbose pkgid popper.js.
46 verbose cwd /home/andrea/Desktop/THP/Semaine7/Mercredi/thp-website-copycat
47 error Linux 4.15.0-39-generic
48 error argv "/usr/bin/node" "/usr/bin/npm" "install" "--save" "jquery" "popper.js."
49 error node v8.10.0
50 error npm  v3.5.2
51 error code E404
52 error 404 Not found : popper.js.
53 error 404
54 error 404 'popper.js.' is not in the npm registry.
55 error 404 You should bug the author to publish it (or use the name yourself!)
56 error 404 Note that you can also install from a
57 error 404 tarball, folder, http url, or git url.
58 verbose exit [ 1, true ]
