Started GET "/students" for 127.0.0.1 at 2018-11-16 00:00:01 +0100
  [1m[35m (0.5ms)[0m  [1m[34mSELECT "schema_migrations"."version" FROM "schema_migrations" ORDER BY "schema_migrations"."version" ASC[0m
  ↳ /home/uworld/.rvm/gems/ruby-2.5.1/gems/activerecord-5.2.1/lib/active_record/log_subscriber.rb:98
Processing by StaticController#students as HTML
  Rendering static/students.html.erb within layouts/application
  Rendered static/students.html.erb within layouts/application (1.4ms)
  Rendered shared/_header.html.erb (0.7ms)
Completed 200 OK in 1045ms (Views: 1040.9ms | ActiveRecord: 0.0ms)


Started GET "/" for 127.0.0.1 at 2018-11-16 00:00:08 +0100
Processing by StaticController#index as HTML
  Rendering static/index.html.erb within layouts/application
  Rendered static/index.html.erb within layouts/application (0.9ms)
  Rendered shared/_header.html.erb (0.9ms)
Completed 200 OK in 45ms (Views: 42.2ms | ActiveRecord: 0.0ms)


Started GET "/" for 127.0.0.1 at 2018-11-16 00:00:08 +0100
Processing by StaticController#index as HTML
  Rendering static/index.html.erb within layouts/application
  Rendered static/index.html.erb within layouts/application (1.0ms)
  Rendered shared/_header.html.erb (1.0ms)
Completed 200 OK in 45ms (Views: 42.5ms | ActiveRecord: 0.0ms)


Started GET "/" for 127.0.0.1 at 2018-11-16 00:02:58 +0100
  [1m[35m (0.4ms)[0m  [1m[34mSELECT "schema_migrations"."version" FROM "schema_migrations" ORDER BY "schema_migrations"."version" ASC[0m
  ↳ /home/uworld/.rvm/gems/ruby-2.5.1/gems/activerecord-5.2.1/lib/active_record/log_subscriber.rb:98
Processing by StaticController#index as HTML
  Rendering static/index.html.erb within layouts/application
  Rendered static/index.html.erb within layouts/application (0.5ms)
  Rendered shared/_header.html.erb (0.9ms)
Completed 200 OK in 210ms (Views: 204.7ms | ActiveRecord: 0.0ms)


Started GET "/students" for 127.0.0.1 at 2018-11-16 00:03:02 +0100
Processing by StaticController#students as HTML
  Rendering static/students.html.erb within layouts/application
  Rendered static/students.html.erb within layouts/application (0.6ms)
  Rendered shared/_header.html.erb (0.7ms)
Completed 200 OK in 16ms (Views: 15.0ms | ActiveRecord: 0.0ms)


Started GET "/" for 127.0.0.1 at 2018-11-16 00:14:23 +0100
  [1m[35m (0.4ms)[0m  [1m[34mSELECT "schema_migrations"."version" FROM "schema_migrations" ORDER BY "schema_migrations"."version" ASC[0m
  ↳ /home/uworld/.rvm/gems/ruby-2.5.1/gems/activerecord-5.2.1/lib/active_record/log_subscriber.rb:98
Processing by StaticController#index as HTML
  Rendering static/index.html.erb within layouts/application
  Rendered static/index.html.erb within layouts/application (0.6ms)
  Rendered shared/_header.html.erb (0.6ms)
Completed 200 OK in 150ms (Views: 144.5ms | ActiveRecord: 0.0ms)


Started GET "/students" for 127.0.0.1 at 2018-11-16 00:14:26 +0100
Processing by StaticController#students as HTML
  Rendering static/students.html.erb within layouts/application
  Rendered static/students.html.erb within layouts/application (1.9ms)
  Rendered shared/_header.html.erb (0.8ms)
Completed 200 OK in 36ms (Views: 33.4ms | ActiveRecord: 0.0ms)


Started GET "/students" for 127.0.0.1 at 2018-11-16 00:15:40 +0100
Processing by StaticController#students as HTML
  Rendering static/students.html.erb within layouts/application
  Rendered static/students.html.erb within layouts/application (0.6ms)
  Rendered shared/_header.html.erb (0.7ms)
Completed 200 OK in 17ms (Views: 15.9ms | ActiveRecord: 0.0ms)


Started GET "/students" for 127.0.0.1 at 2018-11-16 00:16:59 +0100
Processing by StaticController#students as HTML
  Rendering static/students.html.erb within layouts/application
  Rendered static/students.html.erb within layouts/application (2.0ms)
  Rendered shared/_header.html.erb (0.8ms)
Completed 200 OK in 42ms (Views: 39.3ms | ActiveRecord: 0.0ms)


Started GET "/students" for 127.0.0.1 at 2018-11-16 00:20:16 +0100
Processing by StaticController#students as HTML
  Rendering static/students.html.erb within layouts/application
  Rendered static/students.html.erb within layouts/application (0.7ms)
  Rendered shared/_header.html.erb (0.6ms)
Completed 200 OK in 17ms (Views: 16.0ms | ActiveRecord: 0.0ms)


Started GET "/students" for 127.0.0.1 at 2018-11-16 00:21:04 +0100
Processing by StaticController#students as HTML
  Rendering static/students.html.erb within layouts/application
  Rendered static/students.html.erb within layouts/application (0.6ms)
  Rendered shared/_header.html.erb (0.7ms)
Completed 200 OK in 17ms (Views: 15.8ms | ActiveRecord: 0.0ms)


Started GET "/students" for 127.0.0.1 at 2018-11-16 00:21:05 +0100
Processing by StaticController#students as HTML
  Rendering static/students.html.erb within layouts/application
  Rendered static/students.html.erb within layouts/application (1.8ms)
  Rendered shared/_header.html.erb (1.0ms)
Completed 200 OK in 43ms (Views: 41.1ms | ActiveRecord: 0.0ms)


Started GET "/students" for 127.0.0.1 at 2018-11-16 00:21:20 +0100
Processing by StaticController#students as HTML
  Rendering static/students.html.erb within layouts/application
  Rendered static/students.html.erb within layouts/application (1.8ms)
  Rendered shared/_header.html.erb (0.7ms)
Completed 200 OK in 48ms (Views: 45.7ms | ActiveRecord: 0.0ms)


Started GET "/students" for 127.0.0.1 at 2018-11-16 00:21:21 +0100
Processing by StaticController#students as HTML
  Rendering static/students.html.erb within layouts/application
  Rendered static/students.html.erb within layouts/application (1.9ms)
  Rendered shared/_header.html.erb (1.1ms)
Completed 200 OK in 42ms (Views: 40.2ms | ActiveRecord: 0.0ms)


Started GET "/" for 127.0.0.1 at 2018-11-16 00:21:23 +0100
Processing by StaticController#index as HTML
  Rendering static/index.html.erb within layouts/application
  Rendered static/index.html.erb within layouts/application (0.3ms)
  Rendered shared/_header.html.erb (0.8ms)
Completed 200 OK in 16ms (Views: 15.4ms | ActiveRecord: 0.0ms)


Started GET "/students" for 127.0.0.1 at 2018-11-16 00:21:25 +0100
Processing by StaticController#students as HTML
  Rendering static/students.html.erb within layouts/application
  Rendered static/students.html.erb within layouts/application (0.7ms)
  Rendered shared/_header.html.erb (0.8ms)
Completed 200 OK in 18ms (Views: 17.6ms | ActiveRecord: 0.0ms)


Started GET "/students" for 127.0.0.1 at 2018-11-16 00:24:28 +0100
Processing by StaticController#students as HTML
  Rendering static/students.html.erb within layouts/application
  Rendered static/students.html.erb within layouts/application (0.7ms)
  Rendered shared/_header.html.erb (1.0ms)
Completed 200 OK in 22ms (Views: 20.8ms | ActiveRecord: 0.0ms)


Started GET "/students" for 127.0.0.1 at 2018-11-16 00:24:29 +0100
Processing by StaticController#students as HTML
  Rendering static/students.html.erb within layouts/application
  Rendered static/students.html.erb within layouts/application (2.2ms)
  Rendered shared/_header.html.erb (0.8ms)
Completed 200 OK in 40ms (Views: 37.8ms | ActiveRecord: 0.0ms)


Started GET "/students" for 127.0.0.1 at 2018-11-16 00:25:29 +0100
Processing by StaticController#students as HTML
  Rendering static/students.html.erb within layouts/application
  Rendered static/students.html.erb within layouts/application (1.9ms)
  Rendered shared/_header.html.erb (0.7ms)
Completed 200 OK in 37ms (Views: 34.6ms | ActiveRecord: 0.0ms)


Started GET "/students" for 127.0.0.1 at 2018-11-16 00:26:18 +0100
Processing by StaticController#students as HTML
  Rendering static/students.html.erb within layouts/application
  Rendered static/students.html.erb within layouts/application (1.8ms)
  Rendered shared/_header.html.erb (1.0ms)
Completed 200 OK in 43ms (Views: 41.1ms | ActiveRecord: 0.0ms)


Started GET "/students" for 127.0.0.1 at 2018-11-16 00:27:29 +0100
Processing by StaticController#students as HTML
  Rendering static/students.html.erb within layouts/application
  Rendered static/students.html.erb within layouts/application (0.8ms)
  Rendered shared/_header.html.erb (1.0ms)
Completed 200 OK in 22ms (Views: 20.8ms | ActiveRecord: 0.0ms)


Started GET "/students" for 127.0.0.1 at 2018-11-16 00:27:31 +0100
Processing by StaticController#students as HTML
  Rendering static/students.html.erb within layouts/application
  Rendered static/students.html.erb within layouts/application (0.6ms)
  Rendered shared/_header.html.erb (0.7ms)
Completed 200 OK in 19ms (Views: 17.0ms | ActiveRecord: 0.0ms)


Started GET "/students" for 127.0.0.1 at 2018-11-16 00:28:31 +0100
Processing by StaticController#students as HTML
  Rendering static/students.html.erb within layouts/application
  Rendered static/students.html.erb within layouts/application (0.6ms)
  Rendered shared/_header.html.erb (0.7ms)
Completed 200 OK in 17ms (Views: 16.5ms | ActiveRecord: 0.0ms)


Started GET "/students" for 127.0.0.1 at 2018-11-16 00:28:32 +0100
Processing by StaticController#students as HTML
  Rendering static/students.html.erb within layouts/application
  Rendered static/students.html.erb within layouts/application (0.7ms)
  Rendered shared/_header.html.erb (0.6ms)
Completed 200 OK in 20ms (Views: 17.9ms | ActiveRecord: 0.0ms)


Started GET "/students" for 127.0.0.1 at 2018-11-16 00:28:32 +0100
Processing by StaticController#students as HTML
  Rendering static/students.html.erb within layouts/application
  Rendered static/students.html.erb within layouts/application (0.6ms)
  Rendered shared/_header.html.erb (0.6ms)
Completed 200 OK in 18ms (Views: 17.2ms | ActiveRecord: 0.0ms)


Started GET "/students" for 127.0.0.1 at 2018-11-16 00:28:33 +0100
Processing by StaticController#students as HTML
  Rendering static/students.html.erb within layouts/application
  Rendered static/students.html.erb within layouts/application (0.6ms)
  Rendered shared/_header.html.erb (0.7ms)
Completed 200 OK in 17ms (Views: 16.7ms | ActiveRecord: 0.0ms)


Started GET "/students" for 127.0.0.1 at 2018-11-16 00:28:54 +0100
Processing by StaticController#students as HTML
  Rendering static/students.html.erb within layouts/application
  Rendered static/students.html.erb within layouts/application (0.8ms)
  Rendered shared/_header.html.erb (0.6ms)
Completed 200 OK in 19ms (Views: 17.8ms | ActiveRecord: 0.0ms)


Started GET "/students" for 127.0.0.1 at 2018-11-16 00:28:55 +0100
Processing by StaticController#students as HTML
  Rendering static/students.html.erb within layouts/application
  Rendered static/students.html.erb within layouts/application (2.0ms)
  Rendered shared/_header.html.erb (1.0ms)
Completed 200 OK in 43ms (Views: 41.1ms | ActiveRecord: 0.0ms)


Started GET "/students" for 127.0.0.1 at 2018-11-16 00:28:55 +0100
Processing by StaticController#students as HTML
  Rendering static/students.html.erb within layouts/application
  Rendered static/students.html.erb within layouts/application (0.6ms)
  Rendered shared/_header.html.erb (1.1ms)
Completed 200 OK in 18ms (Views: 17.4ms | ActiveRecord: 0.0ms)


Started GET "/students" for 127.0.0.1 at 2018-11-16 00:29:14 +0100
Processing by StaticController#students as HTML
  Rendering static/students.html.erb within layouts/application
  Rendered static/students.html.erb within layouts/application (0.9ms)
  Rendered shared/_header.html.erb (0.8ms)
Completed 200 OK in 22ms (Views: 21.0ms | ActiveRecord: 0.0ms)


Started GET "/students" for 127.0.0.1 at 2018-11-16 00:29:42 +0100
Processing by StaticController#students as HTML
  Rendering static/students.html.erb within layouts/application
  Rendered static/students.html.erb within layouts/application (1.9ms)
  Rendered shared/_header.html.erb (0.8ms)
Completed 200 OK in 43ms (Views: 40.6ms | ActiveRecord: 0.0ms)


Started GET "/students" for 127.0.0.1 at 2018-11-16 00:30:04 +0100
Processing by StaticController#students as HTML
  Rendering static/students.html.erb within layouts/application
  Rendered static/students.html.erb within layouts/application (1.8ms)
  Rendered shared/_header.html.erb (1.0ms)
Completed 200 OK in 44ms (Views: 41.5ms | ActiveRecord: 0.0ms)


Started GET "/students" for 127.0.0.1 at 2018-11-16 00:30:29 +0100
Processing by StaticController#students as HTML
  Rendering static/students.html.erb within layouts/application
  Rendered static/students.html.erb within layouts/application (0.6ms)
  Rendered shared/_header.html.erb (1.0ms)
Completed 200 OK in 17ms (Views: 15.8ms | ActiveRecord: 0.0ms)


Started GET "/students" for 127.0.0.1 at 2018-11-16 00:30:30 +0100
Processing by StaticController#students as HTML
  Rendering static/students.html.erb within layouts/application
  Rendered static/students.html.erb within layouts/application (1.9ms)
  Rendered shared/_header.html.erb (1.0ms)
Completed 200 OK in 44ms (Views: 42.3ms | ActiveRecord: 0.0ms)


Started GET "/students" for 127.0.0.1 at 2018-11-16 00:30:42 +0100
Processing by StaticController#students as HTML
  Rendering static/students.html.erb within layouts/application
  Rendered static/students.html.erb within layouts/application (0.6ms)
  Rendered shared/_header.html.erb (0.8ms)
Completed 200 OK in 18ms (Views: 17.1ms | ActiveRecord: 0.0ms)


Started GET "/students" for 127.0.0.1 at 2018-11-16 00:30:43 +0100
Processing by StaticController#students as HTML
  Rendering static/students.html.erb within layouts/application
  Rendered static/students.html.erb within layouts/application (1.7ms)
  Rendered shared/_header.html.erb (1.1ms)
Completed 200 OK in 43ms (Views: 41.5ms | ActiveRecord: 0.0ms)


Started GET "/students" for 127.0.0.1 at 2018-11-16 00:30:43 +0100
Processing by StaticController#students as HTML
  Rendering static/students.html.erb within layouts/application
  Rendered static/students.html.erb within layouts/application (0.6ms)
  Rendered shared/_header.html.erb (0.9ms)
Completed 200 OK in 17ms (Views: 16.1ms | ActiveRecord: 0.0ms)


Started GET "/students" for 127.0.0.1 at 2018-11-16 00:31:21 +0100
Processing by StaticController#students as HTML
  Rendering static/students.html.erb within layouts/application
  Rendered static/students.html.erb within layouts/application (0.6ms)
  Rendered shared/_header.html.erb (0.9ms)
Completed 200 OK in 22ms (Views: 21.6ms | ActiveRecord: 0.0ms)


Started GET "/students" for 127.0.0.1 at 2018-11-16 00:31:42 +0100
Processing by StaticController#students as HTML
  Rendering static/students.html.erb within layouts/application
  Rendered static/students.html.erb within layouts/application (1.8ms)
  Rendered shared/_header.html.erb (0.9ms)
Completed 200 OK in 45ms (Views: 42.3ms | ActiveRecord: 0.0ms)


Started GET "/students" for 127.0.0.1 at 2018-11-16 00:31:56 +0100
Processing by StaticController#students as HTML
  Rendering static/students.html.erb within layouts/application
  Rendered static/students.html.erb within layouts/application (0.9ms)
  Rendered shared/_header.html.erb (0.6ms)
Completed 200 OK in 19ms (Views: 17.4ms | ActiveRecord: 0.0ms)


Started GET "/students" for 127.0.0.1 at 2018-11-16 00:34:39 +0100
Processing by StaticController#students as HTML
  Rendering static/students.html.erb within layouts/application
  Rendered static/students.html.erb within layouts/application (0.6ms)
  Rendered shared/_header.html.erb (0.8ms)
Completed 200 OK in 18ms (Views: 17.5ms | ActiveRecord: 0.0ms)


Started GET "/students" for 127.0.0.1 at 2018-11-16 00:35:04 +0100
Processing by StaticController#students as HTML
  Rendering static/students.html.erb within layouts/application
  Rendered static/students.html.erb within layouts/application (0.7ms)
  Rendered shared/_header.html.erb (0.6ms)
Completed 200 OK in 18ms (Views: 16.9ms | ActiveRecord: 0.0ms)


Started GET "/students" for 127.0.0.1 at 2018-11-16 00:35:34 +0100
Processing by StaticController#students as HTML
  Rendering static/students.html.erb within layouts/application
  Rendered static/students.html.erb within layouts/application (2.2ms)
  Rendered shared/_header.html.erb (1.1ms)
Completed 200 OK in 41ms (Views: 39.2ms | ActiveRecord: 0.0ms)


Started GET "/students" for 127.0.0.1 at 2018-11-16 00:37:11 +0100
Processing by StaticController#students as HTML
  Rendering static/students.html.erb within layouts/application
  Rendered static/students.html.erb within layouts/application (0.7ms)
  Rendered shared/_header.html.erb (1.1ms)
Completed 200 OK in 19ms (Views: 18.4ms | ActiveRecord: 0.0ms)


Started GET "/students" for 127.0.0.1 at 2018-11-16 00:40:16 +0100
Processing by StaticController#students as HTML
  Rendering static/students.html.erb within layouts/application
  Rendered static/students.html.erb within layouts/application (2.1ms)
  Rendered shared/_header.html.erb (0.9ms)
Completed 200 OK in 43ms (Views: 41.0ms | ActiveRecord: 0.0ms)


Started GET "/students" for 127.0.0.1 at 2018-11-16 00:40:51 +0100
Processing by StaticController#students as HTML
  Rendering static/students.html.erb within layouts/application
  Rendered static/students.html.erb within layouts/application (0.8ms)
  Rendered shared/_header.html.erb (1.2ms)
Completed 200 OK in 22ms (Views: 20.8ms | ActiveRecord: 0.0ms)


Started GET "/students" for 127.0.0.1 at 2018-11-16 00:41:41 +0100
Processing by StaticController#students as HTML
  Rendering static/students.html.erb within layouts/application
  Rendered static/students.html.erb within layouts/application (0.7ms)
  Rendered shared/_header.html.erb (0.6ms)
Completed 200 OK in 19ms (Views: 18.6ms | ActiveRecord: 0.0ms)


Started GET "/students" for 127.0.0.1 at 2018-11-16 00:42:23 +0100
Processing by StaticController#students as HTML
  Rendering static/students.html.erb within layouts/application
  Rendered static/students.html.erb within layouts/application (0.8ms)
  Rendered shared/_header.html.erb (0.8ms)
Completed 200 OK in 19ms (Views: 17.8ms | ActiveRecord: 0.0ms)


Started GET "/students" for 127.0.0.1 at 2018-11-16 00:43:28 +0100
Processing by StaticController#students as HTML
  Rendering static/students.html.erb within layouts/application
  Rendered static/students.html.erb within layouts/application (2.4ms)
  Rendered shared/_header.html.erb (1.1ms)
Completed 200 OK in 42ms (Views: 40.3ms | ActiveRecord: 0.0ms)


Started GET "/students" for 127.0.0.1 at 2018-11-16 00:44:27 +0100
Processing by StaticController#students as HTML
  Rendering static/students.html.erb within layouts/application
  Rendered static/students.html.erb within layouts/application (2.4ms)
  Rendered shared/_header.html.erb (0.8ms)
Completed 200 OK in 39ms (Views: 37.3ms | ActiveRecord: 0.0ms)


Started GET "/students" for 127.0.0.1 at 2018-11-16 00:45:02 +0100
Processing by StaticController#students as HTML
  Rendering static/students.html.erb within layouts/application
  Rendered static/students.html.erb within layouts/application (0.8ms)
  Rendered shared/_header.html.erb (0.6ms)
Completed 200 OK in 16ms (Views: 15.5ms | ActiveRecord: 0.0ms)


Started GET "/students" for 127.0.0.1 at 2018-11-16 00:45:48 +0100
Processing by StaticController#students as HTML
  Rendering static/students.html.erb within layouts/application
  Rendered static/students.html.erb within layouts/application (0.8ms)
  Rendered shared/_header.html.erb (0.9ms)
Completed 200 OK in 19ms (Views: 17.8ms | ActiveRecord: 0.0ms)


Started GET "/students" for 127.0.0.1 at 2018-11-16 00:50:12 +0100
Processing by StaticController#students as HTML
  Rendering static/students.html.erb within layouts/application
  Rendered static/students.html.erb within layouts/application (0.8ms)
  Rendered shared/_header.html.erb (0.9ms)
Completed 200 OK in 18ms (Views: 17.3ms | ActiveRecord: 0.0ms)


Started GET "/students" for 127.0.0.1 at 2018-11-16 00:53:41 +0100
Processing by StaticController#students as HTML
  Rendering static/students.html.erb within layouts/application
  Rendered static/students.html.erb within layouts/application (0.8ms)
  Rendered shared/_header.html.erb (0.9ms)
Completed 200 OK in 47ms (Views: 44.5ms | ActiveRecord: 0.0ms)


Started GET "/students" for 127.0.0.1 at 2018-11-16 00:54:57 +0100
Processing by StaticController#students as HTML
  Rendering static/students.html.erb within layouts/application
  Rendered static/students.html.erb within layouts/application (0.7ms)
  Rendered shared/_header.html.erb (2.0ms)
Completed 200 OK in 31ms (Views: 30.4ms | ActiveRecord: 0.0ms)


Started GET "/students" for 127.0.0.1 at 2018-11-16 00:55:01 +0100
Processing by StaticController#students as HTML
  Rendering static/students.html.erb within layouts/application
  Rendered static/students.html.erb within layouts/application (0.9ms)
  Rendered shared/_header.html.erb (0.6ms)
Completed 200 OK in 17ms (Views: 16.7ms | ActiveRecord: 0.0ms)


Started GET "/students" for 127.0.0.1 at 2018-11-16 00:55:01 +0100
Processing by StaticController#students as HTML
  Rendering static/students.html.erb within layouts/application
  Rendered static/students.html.erb within layouts/application (0.7ms)
  Rendered shared/_header.html.erb (0.6ms)
Completed 200 OK in 18ms (Views: 17.6ms | ActiveRecord: 0.0ms)


Started GET "/students" for 127.0.0.1 at 2018-11-16 00:55:02 +0100
Processing by StaticController#students as HTML
  Rendering static/students.html.erb within layouts/application
  Rendered static/students.html.erb within layouts/application (0.9ms)
  Rendered shared/_header.html.erb (1.8ms)
Completed 200 OK in 21ms (Views: 20.4ms | ActiveRecord: 0.0ms)


Started GET "/students" for 127.0.0.1 at 2018-11-16 00:55:02 +0100
Processing by StaticController#students as HTML
  Rendering static/students.html.erb within layouts/application
  Rendered static/students.html.erb within layouts/application (1.2ms)
  Rendered shared/_header.html.erb (0.9ms)
Completed 200 OK in 19ms (Views: 18.6ms | ActiveRecord: 0.0ms)


Started GET "/students" for 127.0.0.1 at 2018-11-16 00:56:00 +0100
Processing by StaticController#students as HTML
  Rendering static/students.html.erb within layouts/application
  Rendered static/students.html.erb within layouts/application (2.3ms)
  Rendered shared/_header.html.erb (0.8ms)
Completed 200 OK in 41ms (Views: 38.7ms | ActiveRecord: 0.0ms)


Started GET "/students" for 127.0.0.1 at 2018-11-16 00:56:06 +0100
Processing by StaticController#students as HTML
  Rendering static/students.html.erb within layouts/application
  Rendered static/students.html.erb within layouts/application (2.2ms)
  Rendered shared/_header.html.erb (0.9ms)
Completed 200 OK in 27ms (Views: 24.9ms | ActiveRecord: 0.0ms)


Started GET "/students" for 127.0.0.1 at 2018-11-16 00:56:06 +0100
Processing by StaticController#students as HTML
  Rendering static/students.html.erb within layouts/application
  Rendered static/students.html.erb within layouts/application (0.6ms)
  Rendered shared/_header.html.erb (0.9ms)
Completed 200 OK in 24ms (Views: 23.0ms | ActiveRecord: 0.0ms)


Started GET "/students" for 127.0.0.1 at 2018-11-16 00:56:06 +0100
Processing by StaticController#students as HTML
  Rendering static/students.html.erb within layouts/application
  Rendered static/students.html.erb within layouts/application (0.7ms)
  Rendered shared/_header.html.erb (0.8ms)
Completed 200 OK in 17ms (Views: 16.7ms | ActiveRecord: 0.0ms)


Started GET "/students" for 127.0.0.1 at 2018-11-16 00:59:53 +0100
  [1m[35m (0.5ms)[0m  [1m[34mSELECT "schema_migrations"."version" FROM "schema_migrations" ORDER BY "schema_migrations"."version" ASC[0m
  ↳ /home/uworld/.rvm/gems/ruby-2.5.1/gems/activerecord-5.2.1/lib/active_record/log_subscriber.rb:98
Processing by StaticController#students as HTML
  Rendering static/students.html.erb within layouts/application
  Rendered static/students.html.erb within layouts/application (1.1ms)
  Rendered shared/_header.html.erb (0.6ms)
Completed 200 OK in 172ms (Views: 166.8ms | ActiveRecord: 0.0ms)


Started GET "/students" for 127.0.0.1 at 2018-11-16 01:00:39 +0100
Processing by StaticController#students as HTML
  Rendering static/students.html.erb within layouts/application
  Rendered static/students.html.erb within layouts/application (0.8ms)
  Rendered shared/_header.html.erb (0.8ms)
Completed 200 OK in 20ms (Views: 19.2ms | ActiveRecord: 0.0ms)


Started GET "/students" for 127.0.0.1 at 2018-11-16 01:00:40 +0100
Processing by StaticController#students as HTML
  Rendering static/students.html.erb within layouts/application
  Rendered static/students.html.erb within layouts/application (0.7ms)
  Rendered shared/_header.html.erb (1.2ms)
Completed 200 OK in 20ms (Views: 18.3ms | ActiveRecord: 0.0ms)


Started GET "/students" for 127.0.0.1 at 2018-11-16 01:00:40 +0100
Processing by StaticController#students as HTML
  Rendering static/students.html.erb within layouts/application
  Rendered static/students.html.erb within layouts/application (2.3ms)
  Rendered shared/_header.html.erb (0.8ms)
Completed 200 OK in 35ms (Views: 33.1ms | ActiveRecord: 0.0ms)


Started GET "/students" for 127.0.0.1 at 2018-11-16 01:01:45 +0100
Processing by StaticController#students as HTML
  Rendering static/students.html.erb within layouts/application
  Rendered static/students.html.erb within layouts/application (0.8ms)
  Rendered shared/_header.html.erb (1.3ms)
Completed 200 OK in 19ms (Views: 18.4ms | ActiveRecord: 0.0ms)


Started GET "/students" for 127.0.0.1 at 2018-11-16 01:01:46 +0100
Processing by StaticController#students as HTML
  Rendering static/students.html.erb within layouts/application
  Rendered static/students.html.erb within layouts/application (0.6ms)
  Rendered shared/_header.html.erb (0.9ms)
Completed 200 OK in 19ms (Views: 18.8ms | ActiveRecord: 0.0ms)


Started GET "/students" for 127.0.0.1 at 2018-11-16 01:01:46 +0100
Processing by StaticController#students as HTML
  Rendering static/students.html.erb within layouts/application
  Rendered static/students.html.erb within layouts/application (1.9ms)
  Rendered shared/_header.html.erb (0.7ms)
Completed 200 OK in 47ms (Views: 44.9ms | ActiveRecord: 0.0ms)


Started GET "/students" for 127.0.0.1 at 2018-11-16 01:01:46 +0100
Processing by StaticController#students as HTML
  Rendering static/students.html.erb within layouts/application
  Rendered static/students.html.erb within layouts/application (0.9ms)
  Rendered shared/_header.html.erb (0.9ms)
Completed 200 OK in 20ms (Views: 19.5ms | ActiveRecord: 0.0ms)


Started GET "/students" for 127.0.0.1 at 2018-11-16 01:02:25 +0100
Processing by StaticController#students as HTML
  Rendering static/students.html.erb within layouts/application
  Rendered static/students.html.erb within layouts/application (0.7ms)
  Rendered shared/_header.html.erb (0.9ms)
Completed 200 OK in 17ms (Views: 16.3ms | ActiveRecord: 0.0ms)


Started GET "/students" for 127.0.0.1 at 2018-11-16 01:02:28 +0100
Processing by StaticController#students as HTML
  Rendering static/students.html.erb within layouts/application
  Rendered static/students.html.erb within layouts/application (0.7ms)
  Rendered shared/_header.html.erb (0.6ms)
Completed 200 OK in 22ms (Views: 19.6ms | ActiveRecord: 0.0ms)


Started GET "/students" for 127.0.0.1 at 2018-11-16 01:02:28 +0100
Processing by StaticController#students as HTML
  Rendering static/students.html.erb within layouts/application
  Rendered static/students.html.erb within layouts/application (0.7ms)
  Rendered shared/_header.html.erb (0.7ms)
Completed 200 OK in 16ms (Views: 15.6ms | ActiveRecord: 0.0ms)


Started GET "/students" for 127.0.0.1 at 2018-11-16 01:02:28 +0100
Processing by StaticController#students as HTML
  Rendering static/students.html.erb within layouts/application
  Rendered static/students.html.erb within layouts/application (0.7ms)
  Rendered shared/_header.html.erb (0.7ms)
Completed 200 OK in 17ms (Views: 16.1ms | ActiveRecord: 0.0ms)


Started GET "/students" for 127.0.0.1 at 2018-11-16 01:02:28 +0100
Processing by StaticController#students as HTML
  Rendering static/students.html.erb within layouts/application
  Rendered static/students.html.erb within layouts/application (0.7ms)
  Rendered shared/_header.html.erb (0.8ms)
Completed 200 OK in 20ms (Views: 18.8ms | ActiveRecord: 0.0ms)


Started GET "/students" for 127.0.0.1 at 2018-11-16 01:04:57 +0100
Processing by StaticController#students as HTML
  Rendering static/students.html.erb within layouts/application
  Rendered static/students.html.erb within layouts/application (2.5ms)
  Rendered shared/_header.html.erb (1.0ms)
Completed 200 OK in 39ms (Views: 37.1ms | ActiveRecord: 0.0ms)


Started GET "/students" for 127.0.0.1 at 2018-11-16 01:07:23 +0100
  [1m[35m (0.5ms)[0m  [1m[34mSELECT "schema_migrations"."version" FROM "schema_migrations" ORDER BY "schema_migrations"."version" ASC[0m
  ↳ /home/uworld/.rvm/gems/ruby-2.5.1/gems/activerecord-5.2.1/lib/active_record/log_subscriber.rb:98
Processing by StaticController#students as HTML
  Rendering static/students.html.erb within layouts/application
  Rendered static/students.html.erb within layouts/application (0.9ms)
  Rendered shared/_header.html.erb (0.8ms)
Completed 200 OK in 158ms (Views: 152.6ms | ActiveRecord: 0.0ms)


Started GET "/" for 127.0.0.1 at 2018-11-16 01:21:46 +0100
  [1m[35m (0.4ms)[0m  [1m[34mSELECT "schema_migrations"."version" FROM "schema_migrations" ORDER BY "schema_migrations"."version" ASC[0m
  ↳ /home/uworld/.rvm/gems/ruby-2.5.1/gems/activerecord-5.2.1/lib/active_record/log_subscriber.rb:98
Processing by StaticController#index as HTML
  Rendering static/index.html.erb within layouts/application
  Rendered static/index.html.erb within layouts/application (0.6ms)
  Rendered shared/_header.html.erb (0.6ms)
Completed 200 OK in 156ms (Views: 151.3ms | ActiveRecord: 0.0ms)


Started GET "/students" for 127.0.0.1 at 2018-11-16 01:21:51 +0100
Processing by StaticController#students as HTML
  Rendering static/students.html.erb within layouts/application
  Rendered static/students.html.erb within layouts/application (1.3ms)
  Rendered shared/_header.html.erb (0.6ms)
Completed 200 OK in 23ms (Views: 21.2ms | ActiveRecord: 0.0ms)


Started GET "/" for 127.0.0.1 at 2018-11-16 01:22:00 +0100
Processing by StaticController#index as HTML
  Rendering static/index.html.erb within layouts/application
  Rendered static/index.html.erb within layouts/application (1.0ms)
  Rendered shared/_header.html.erb (0.9ms)
Completed 200 OK in 42ms (Views: 39.9ms | ActiveRecord: 0.0ms)


Started GET "/corp" for 127.0.0.1 at 2018-11-16 01:23:14 +0100
Processing by StaticController#corp as HTML
  Rendering static/corp.html.erb within layouts/application
  Rendered static/corp.html.erb within layouts/application (1.9ms)
  Rendered shared/_header.html.erb (0.8ms)
Completed 200 OK in 42ms (Views: 40.2ms | ActiveRecord: 0.0ms)


Started GET "/lyon" for 127.0.0.1 at 2018-11-16 01:23:16 +0100
Processing by StaticController#lyon as HTML
  Rendering static/lyon.html.erb within layouts/application
  Rendered static/lyon.html.erb within layouts/application (0.5ms)
  Rendered shared/_header.html.erb (0.8ms)
Completed 200 OK in 16ms (Views: 15.5ms | ActiveRecord: 0.0ms)


Started GET "/corp" for 127.0.0.1 at 2018-11-16 01:23:17 +0100
Processing by StaticController#corp as HTML
  Rendering static/corp.html.erb within layouts/application
  Rendered static/corp.html.erb within layouts/application (0.5ms)
  Rendered shared/_header.html.erb (1.0ms)
Completed 200 OK in 18ms (Views: 16.9ms | ActiveRecord: 0.0ms)


Started GET "/lyon" for 127.0.0.1 at 2018-11-16 01:23:40 +0100
Processing by StaticController#lyon as HTML
  Rendering static/lyon.html.erb within layouts/application
  Rendered static/lyon.html.erb within layouts/application (0.6ms)
  Rendered shared/_header.html.erb (0.9ms)
Completed 200 OK in 18ms (Views: 17.4ms | ActiveRecord: 0.0ms)


Started GET "/corp" for 127.0.0.1 at 2018-11-16 01:23:42 +0100
Processing by StaticController#corp as HTML
  Rendering static/corp.html.erb within layouts/application
  Rendered static/corp.html.erb within layouts/application (0.8ms)
  Rendered shared/_header.html.erb (0.7ms)
Completed 200 OK in 27ms (Views: 26.2ms | ActiveRecord: 0.0ms)


Started GET "/students" for 127.0.0.1 at 2018-11-16 01:23:44 +0100
Processing by StaticController#students as HTML
  Rendering static/students.html.erb within layouts/application
  Rendered static/students.html.erb within layouts/application (0.8ms)
  Rendered shared/_header.html.erb (0.9ms)
Completed 200 OK in 19ms (Views: 18.5ms | ActiveRecord: 0.0ms)


Started GET "/corp" for 127.0.0.1 at 2018-11-16 01:23:53 +0100
Processing by StaticController#corp as HTML
  Rendering static/corp.html.erb within layouts/application
  Rendered static/corp.html.erb within layouts/application (1.7ms)
  Rendered shared/_header.html.erb (1.1ms)
Completed 200 OK in 41ms (Views: 39.1ms | ActiveRecord: 0.0ms)


Started GET "/students" for 127.0.0.1 at 2018-11-16 01:23:57 +0100
Processing by StaticController#students as HTML
  Rendering static/students.html.erb within layouts/application
  Rendered static/students.html.erb within layouts/application (0.8ms)
  Rendered shared/_header.html.erb (1.0ms)
Completed 200 OK in 19ms (Views: 18.3ms | ActiveRecord: 0.0ms)


Started GET "/corp" for 127.0.0.1 at 2018-11-16 01:24:30 +0100
Processing by StaticController#corp as HTML
  Rendering static/corp.html.erb within layouts/application
  Rendered static/corp.html.erb within layouts/application (1.7ms)
  Rendered shared/_header.html.erb (1.0ms)
Completed 200 OK in 42ms (Views: 40.2ms | ActiveRecord: 0.0ms)


Started GET "/corp" for 127.0.0.1 at 2018-11-16 01:29:02 +0100
Processing by StaticController#corp as HTML
  Rendering static/corp.html.erb within layouts/application
  Rendered static/corp.html.erb within layouts/application (1.7ms)
  Rendered shared/_header.html.erb (0.6ms)
Completed 200 OK in 106ms (Views: 104.2ms | ActiveRecord: 0.0ms)


Started GET "/corp" for 127.0.0.1 at 2018-11-16 01:29:07 +0100
Processing by StaticController#corp as HTML
  Rendering static/corp.html.erb within layouts/application
  Rendered static/corp.html.erb within layouts/application (1.6ms)
  Rendered shared/_header.html.erb (0.7ms)
Completed 200 OK in 32ms (Views: 30.2ms | ActiveRecord: 0.0ms)


Started GET "/students" for 127.0.0.1 at 2018-11-16 01:29:09 +0100
Processing by StaticController#students as HTML
  Rendering static/students.html.erb within layouts/application
  Rendered static/students.html.erb within layouts/application (2.4ms)
  Rendered shared/_header.html.erb (1.1ms)
Completed 200 OK in 43ms (Views: 40.5ms | ActiveRecord: 0.0ms)


Started GET "/students" for 127.0.0.1 at 2018-11-16 01:29:38 +0100
Processing by StaticController#students as HTML
  Rendering static/students.html.erb within layouts/application
  Rendered static/students.html.erb within layouts/application (0.7ms)
  Rendered shared/_header.html.erb (1.3ms)
Completed 200 OK in 16ms (Views: 15.7ms | ActiveRecord: 0.0ms)


Started GET "/students" for 127.0.0.1 at 2018-11-16 01:29:38 +0100
Processing by StaticController#students as HTML
  Rendering static/students.html.erb within layouts/application
  Rendered static/students.html.erb within layouts/application (0.8ms)
  Rendered shared/_header.html.erb (0.7ms)
Completed 200 OK in 22ms (Views: 20.8ms | ActiveRecord: 0.0ms)


Started GET "/corp" for 127.0.0.1 at 2018-11-16 01:29:41 +0100
Processing by StaticController#corp as HTML
  Rendering static/corp.html.erb within layouts/application
  Rendered static/corp.html.erb within layouts/application (0.5ms)
  Rendered shared/_header.html.erb (0.8ms)
Completed 200 OK in 18ms (Views: 17.6ms | ActiveRecord: 0.0ms)


Started GET "/lyon" for 127.0.0.1 at 2018-11-16 01:29:44 +0100
Processing by StaticController#lyon as HTML
  Rendering static/lyon.html.erb within layouts/application
  Rendered static/lyon.html.erb within layouts/application (1.7ms)
  Rendered shared/_header.html.erb (0.8ms)
Completed 200 OK in 44ms (Views: 41.4ms | ActiveRecord: 0.0ms)


Started GET "/corp" for 127.0.0.1 at 2018-11-16 01:29:47 +0100
Processing by StaticController#corp as HTML
  Rendering static/corp.html.erb within layouts/application
  Rendered static/corp.html.erb within layouts/application (1.7ms)
  Rendered shared/_header.html.erb (1.0ms)
Completed 200 OK in 44ms (Views: 41.7ms | ActiveRecord: 0.0ms)


Started GET "/corp" for 127.0.0.1 at 2018-11-16 01:31:47 +0100
Processing by StaticController#corp as HTML
  Rendering static/corp.html.erb within layouts/application
  Rendered static/corp.html.erb within layouts/application (0.6ms)
  Rendered shared/_header.html.erb (0.9ms)
Completed 200 OK in 74ms (Views: 73.4ms | ActiveRecord: 0.0ms)


Started GET "/corp" for 127.0.0.1 at 2018-11-16 01:31:48 +0100
Processing by StaticController#corp as HTML
  Rendering static/corp.html.erb within layouts/application
  Rendered static/corp.html.erb within layouts/application (0.7ms)
  Rendered shared/_header.html.erb (0.8ms)
Completed 200 OK in 18ms (Views: 17.4ms | ActiveRecord: 0.0ms)


Started GET "/corp" for 127.0.0.1 at 2018-11-16 01:31:48 +0100
Processing by StaticController#corp as HTML
  Rendering static/corp.html.erb within layouts/application
  Rendered static/corp.html.erb within layouts/application (0.7ms)
  Rendered shared/_header.html.erb (0.8ms)
Completed 200 OK in 20ms (Views: 19.0ms | ActiveRecord: 0.0ms)


Started GET "/students" for 127.0.0.1 at 2018-11-16 01:31:50 +0100
Processing by StaticController#students as HTML
  Rendering static/students.html.erb within layouts/application
  Rendered static/students.html.erb within layouts/application (2.2ms)
  Rendered shared/_header.html.erb (1.0ms)
Completed 200 OK in 45ms (Views: 42.6ms | ActiveRecord: 0.0ms)


Started GET "/corp" for 127.0.0.1 at 2018-11-16 01:31:53 +0100
Processing by StaticController#corp as HTML
  Rendering static/corp.html.erb within layouts/application
  Rendered static/corp.html.erb within layouts/application (1.7ms)
  Rendered shared/_header.html.erb (1.0ms)
Completed 200 OK in 45ms (Views: 43.1ms | ActiveRecord: 0.0ms)


Started GET "/students" for 127.0.0.1 at 2018-11-16 01:35:43 +0100
  [1m[35m (0.9ms)[0m  [1m[34mSELECT "schema_migrations"."version" FROM "schema_migrations" ORDER BY "schema_migrations"."version" ASC[0m
  ↳ /home/uworld/.rvm/gems/ruby-2.5.1/gems/activerecord-5.2.1/lib/active_record/log_subscriber.rb:98
Processing by StaticController#students as HTML
  Rendering static/students.html.erb within layouts/application
  Rendered static/students.html.erb within layouts/application (1.2ms)
  Rendered shared/_header.html.erb (0.6ms)
Completed 200 OK in 165ms (Views: 159.4ms | ActiveRecord: 0.0ms)


Started GET "/corp" for 127.0.0.1 at 2018-11-16 01:41:38 +0100
  [1m[35m (0.6ms)[0m  [1m[34mSELECT "schema_migrations"."version" FROM "schema_migrations" ORDER BY "schema_migrations"."version" ASC[0m
  ↳ /home/uworld/.rvm/gems/ruby-2.5.1/gems/activerecord-5.2.1/lib/active_record/log_subscriber.rb:98
Processing by StaticController#corp as HTML
  Rendering static/corp.html.erb within layouts/application
  Rendered static/corp.html.erb within layouts/application (0.8ms)
  Rendered shared/_header.html.erb (0.8ms)
Completed 200 OK in 167ms (Views: 161.3ms | ActiveRecord: 0.0ms)


Started GET "/corp" for 127.0.0.1 at 2018-11-16 01:41:40 +0100
Processing by StaticController#corp as HTML
  Rendering static/corp.html.erb within layouts/application
  Rendered static/corp.html.erb within layouts/application (2.0ms)
  Rendered shared/_header.html.erb (0.8ms)
Completed 200 OK in 35ms (Views: 32.1ms | ActiveRecord: 0.0ms)


Started GET "/students" for 127.0.0.1 at 2018-11-16 01:41:42 +0100
Processing by StaticController#students as HTML
  Rendering static/students.html.erb within layouts/application
  Rendered static/students.html.erb within layouts/application (2.3ms)
  Rendered shared/_header.html.erb (0.9ms)
Completed 200 OK in 33ms (Views: 30.4ms | ActiveRecord: 0.0ms)


Started GET "/corp" for 127.0.0.1 at 2018-11-16 01:41:47 +0100
Processing by StaticController#corp as HTML
  Rendering static/corp.html.erb within layouts/application
  Rendered static/corp.html.erb within layouts/application (0.6ms)
  Rendered shared/_header.html.erb (1.0ms)
Completed 200 OK in 18ms (Views: 16.8ms | ActiveRecord: 0.0ms)


Started GET "/corp" for 127.0.0.1 at 2018-11-16 01:42:15 +0100
Processing by StaticController#corp as HTML
  Rendering static/corp.html.erb within layouts/application
  Rendered static/corp.html.erb within layouts/application (0.7ms)
  Rendered shared/_header.html.erb (0.7ms)
Completed 200 OK in 18ms (Views: 17.4ms | ActiveRecord: 0.0ms)


Started GET "/corp" for 127.0.0.1 at 2018-11-16 01:42:16 +0100
Processing by StaticController#corp as HTML
  Rendering static/corp.html.erb within layouts/application
  Rendered static/corp.html.erb within layouts/application (0.6ms)
  Rendered shared/_header.html.erb (0.6ms)
Completed 200 OK in 17ms (Views: 16.7ms | ActiveRecord: 0.0ms)


Started GET "/corp" for 127.0.0.1 at 2018-11-16 01:42:16 +0100
Processing by StaticController#corp as HTML
  Rendering static/corp.html.erb within layouts/application
  Rendered static/corp.html.erb within layouts/application (1.1ms)
  Rendered shared/_header.html.erb (0.8ms)
Completed 200 OK in 28ms (Views: 26.3ms | ActiveRecord: 0.0ms)


Started GET "/corp" for 127.0.0.1 at 2018-11-16 01:42:19 +0100
Processing by StaticController#corp as HTML
  Rendering static/corp.html.erb within layouts/application
  Rendered static/corp.html.erb within layouts/application (1.9ms)
  Rendered shared/_header.html.erb (0.7ms)
Completed 200 OK in 50ms (Views: 47.7ms | ActiveRecord: 0.0ms)


Started GET "/" for 127.0.0.1 at 2018-11-16 01:43:20 +0100
Processing by StaticController#index as HTML
  Rendering static/index.html.erb within layouts/application
  Rendered static/index.html.erb within layouts/application (0.4ms)
  Rendered shared/_header.html.erb (1.2ms)
Completed 200 OK in 25ms (Views: 24.2ms | ActiveRecord: 0.0ms)


Started GET "/students" for 127.0.0.1 at 2018-11-16 01:43:22 +0100
Processing by StaticController#students as HTML
  Rendering static/students.html.erb within layouts/application
  Rendered static/students.html.erb within layouts/application (2.1ms)
  Rendered shared/_header.html.erb (1.3ms)
Completed 200 OK in 42ms (Views: 40.2ms | ActiveRecord: 0.0ms)


Started GET "/corp" for 127.0.0.1 at 2018-11-16 01:43:34 +0100
Processing by StaticController#corp as HTML
  Rendering static/corp.html.erb within layouts/application
  Rendered static/corp.html.erb within layouts/application (0.6ms)
  Rendered shared/_header.html.erb (0.7ms)
Completed 200 OK in 20ms (Views: 19.4ms | ActiveRecord: 0.0ms)


Started GET "/students" for 127.0.0.1 at 2018-11-16 01:43:36 +0100
Processing by StaticController#students as HTML
  Rendering static/students.html.erb within layouts/application
  Rendered static/students.html.erb within layouts/application (2.2ms)
  Rendered shared/_header.html.erb (1.3ms)
Completed 200 OK in 46ms (Views: 43.9ms | ActiveRecord: 0.0ms)


Started GET "/" for 127.0.0.1 at 2018-11-16 01:43:38 +0100
Processing by StaticController#index as HTML
  Rendering static/index.html.erb within layouts/application
  Rendered static/index.html.erb within layouts/application (0.3ms)
  Rendered shared/_header.html.erb (1.3ms)
Completed 200 OK in 20ms (Views: 19.6ms | ActiveRecord: 0.0ms)


Started GET "/" for 127.0.0.1 at 2018-11-16 08:43:31 +0100
  [1m[35m (12.7ms)[0m  [1m[34mSELECT "schema_migrations"."version" FROM "schema_migrations" ORDER BY "schema_migrations"."version" ASC[0m
  ↳ /home/uworld/.rvm/gems/ruby-2.5.1/gems/activerecord-5.2.1/lib/active_record/log_subscriber.rb:98
Processing by StaticController#index as HTML
  Rendering static/index.html.erb within layouts/application
  Rendered static/index.html.erb within layouts/application (36.3ms)
Completed 500 Internal Server Error in 382ms (ActiveRecord: 0.0ms)


  
ActionView::Template::Error (Invalid CSS after "...ckground-repeat": expected ";", was ": no-repeat;"):
    4:     <title>The Hacking Project</title>
    5:     <%= csrf_meta_tags %>
    6:     <%= csp_meta_tag %>
    7:     <%= stylesheet_link_tag    'application', media: 'all', 'data-turbolinks-track': 'reload' %>
    8:     <%= javascript_include_tag 'application', 'data-turbolinks-track': 'reload' %>
    9:   </head>
   10: 
  
app/assets/stylesheets/components/_content.scss:22
app/assets/stylesheets/components:4
app/assets/stylesheets/application.scss:19
app/views/layouts/application.html.erb:7:in `_app_views_layouts_application_html_erb___1069204265617961721_70095040763440'
Started GET "/" for 127.0.0.1 at 2018-11-16 08:43:44 +0100
Processing by StaticController#index as HTML
  Rendering static/index.html.erb within layouts/application
  Rendered static/index.html.erb within layouts/application (1.0ms)
  Rendered shared/_header.html.erb (1.0ms)
Completed 200 OK in 502ms (Views: 500.6ms | ActiveRecord: 0.0ms)


Started GET "/" for 127.0.0.1 at 2018-11-16 08:48:35 +0100
Processing by StaticController#index as HTML
  Rendering static/index.html.erb within layouts/application
  Rendered static/index.html.erb within layouts/application (0.4ms)
Completed 500 Internal Server Error in 237ms (ActiveRecord: 0.0ms)


  
ActionView::Template::Error (Invalid CSS after "...&h=750&w=1260')": expected "{", was ";  #le lien de ..."):
    4:     <title>The Hacking Project</title>
    5:     <%= csrf_meta_tags %>
    6:     <%= csp_meta_tag %>
    7:     <%= stylesheet_link_tag    'application', media: 'all', 'data-turbolinks-track': 'reload' %>
    8:     <%= javascript_include_tag 'application', 'data-turbolinks-track': 'reload' %>
    9:   </head>
   10: 
  
app/assets/stylesheets/components/_content.scss:33
app/assets/stylesheets/components:4
app/assets/stylesheets/application.scss:19
app/views/layouts/application.html.erb:7:in `_app_views_layouts_application_html_erb___1069204265617961721_70094854360260'
Started GET "/" for 127.0.0.1 at 2018-11-16 08:49:33 +0100
Processing by StaticController#index as HTML
  Rendering static/index.html.erb within layouts/application
  Rendered static/index.html.erb within layouts/application (0.3ms)
Completed 500 Internal Server Error in 13ms (ActiveRecord: 0.0ms)


  
ActionView::Template::Error (Invalid CSS after "...&h=750&w=1260')": expected "{", was ";  #le lien de ..."):
    4:     <title>The Hacking Project</title>
    5:     <%= csrf_meta_tags %>
    6:     <%= csp_meta_tag %>
    7:     <%= stylesheet_link_tag    'application', media: 'all', 'data-turbolinks-track': 'reload' %>
    8:     <%= javascript_include_tag 'application', 'data-turbolinks-track': 'reload' %>
    9:   </head>
   10: 
  
app/assets/stylesheets/components/_content.scss:33
app/assets/stylesheets/components:4
app/assets/stylesheets/application.scss:19
app/views/layouts/application.html.erb:7:in `_app_views_layouts_application_html_erb___1069204265617961721_70094853850700'
Started GET "/" for 127.0.0.1 at 2018-11-16 08:53:01 +0100
Processing by StaticController#index as HTML
  Rendering static/index.html.erb within layouts/application
  Rendered static/index.html.erb within layouts/application (0.5ms)
  Rendered shared/_header.html.erb (0.7ms)
Completed 200 OK in 241ms (Views: 238.6ms | ActiveRecord: 0.0ms)


Started GET "/" for 127.0.0.1 at 2018-11-16 08:54:01 +0100
Processing by StaticController#index as HTML
  Rendering static/index.html.erb within layouts/application
  Rendered static/index.html.erb within layouts/application (0.5ms)
  Rendered shared/_header.html.erb (0.6ms)
Completed 200 OK in 18ms (Views: 17.4ms | ActiveRecord: 0.0ms)


Started GET "/" for 127.0.0.1 at 2018-11-16 08:54:03 +0100
Processing by StaticController#index as HTML
  Rendering static/index.html.erb within layouts/application
  Rendered static/index.html.erb within layouts/application (1.1ms)
  Rendered shared/_header.html.erb (0.6ms)
Completed 200 OK in 29ms (Views: 27.6ms | ActiveRecord: 0.0ms)


Started GET "/" for 127.0.0.1 at 2018-11-16 08:54:03 +0100
Processing by StaticController#index as HTML
  Rendering static/index.html.erb within layouts/application
  Rendered static/index.html.erb within layouts/application (1.2ms)
  Rendered shared/_header.html.erb (1.0ms)
Completed 200 OK in 45ms (Views: 42.9ms | ActiveRecord: 0.0ms)


Started GET "/" for 127.0.0.1 at 2018-11-16 08:54:04 +0100
Processing by StaticController#index as HTML
  Rendering static/index.html.erb within layouts/application
  Rendered static/index.html.erb within layouts/application (0.9ms)
  Rendered shared/_header.html.erb (1.1ms)
Completed 200 OK in 43ms (Views: 40.6ms | ActiveRecord: 0.0ms)


Started GET "/" for 127.0.0.1 at 2018-11-16 09:02:07 +0100
Processing by StaticController#index as HTML
  Rendering static/index.html.erb within layouts/application
  Rendered static/index.html.erb within layouts/application (0.5ms)
  Rendered shared/_header.html.erb (0.7ms)
Completed 200 OK in 229ms (Views: 227.8ms | ActiveRecord: 0.0ms)


Started GET "/students" for 127.0.0.1 at 2018-11-16 09:02:56 +0100
Processing by StaticController#students as HTML
  Rendering static/students.html.erb within layouts/application
  Rendered static/students.html.erb within layouts/application (0.7ms)
  Rendered shared/_header.html.erb (0.6ms)
Completed 200 OK in 15ms (Views: 14.4ms | ActiveRecord: 0.0ms)


Started GET "/students" for 127.0.0.1 at 2018-11-16 09:05:37 +0100
Processing by StaticController#students as HTML
  Rendering static/students.html.erb within layouts/application
  Rendered static/students.html.erb within layouts/application (1.2ms)
  Rendered shared/_header.html.erb (0.7ms)
Completed 200 OK in 23ms (Views: 21.4ms | ActiveRecord: 0.0ms)


Started GET "/students" for 127.0.0.1 at 2018-11-16 09:07:33 +0100
Processing by StaticController#students as HTML
  Rendering static/students.html.erb within layouts/application
  Rendered static/students.html.erb within layouts/application (0.8ms)
  Rendered shared/_header.html.erb (0.6ms)
Completed 200 OK in 125ms (Views: 124.6ms | ActiveRecord: 0.0ms)


Started GET "/students" for 127.0.0.1 at 2018-11-16 09:07:59 +0100
Processing by StaticController#students as HTML
  Rendering static/students.html.erb within layouts/application
  Rendered static/students.html.erb within layouts/application (0.8ms)
  Rendered shared/_header.html.erb (0.7ms)
Completed 200 OK in 192ms (Views: 189.6ms | ActiveRecord: 0.0ms)


Started GET "/students" for 127.0.0.1 at 2018-11-16 09:08:23 +0100
Processing by StaticController#students as HTML
  Rendering static/students.html.erb within layouts/application
  Rendered static/students.html.erb within layouts/application (0.8ms)
  Rendered shared/_header.html.erb (0.9ms)
Completed 200 OK in 239ms (Views: 238.1ms | ActiveRecord: 0.0ms)


Started GET "/students" for 127.0.0.1 at 2018-11-16 09:08:25 +0100
Processing by StaticController#students as HTML
  Rendering static/students.html.erb within layouts/application
  Rendered static/students.html.erb within layouts/application (2.2ms)
  Rendered shared/_header.html.erb (0.8ms)
Completed 200 OK in 47ms (Views: 45.0ms | ActiveRecord: 0.0ms)


Started GET "/students" for 127.0.0.1 at 2018-11-16 09:08:41 +0100
Processing by StaticController#students as HTML
  Rendering static/students.html.erb within layouts/application
  Rendered static/students.html.erb within layouts/application (0.9ms)
  Rendered shared/_header.html.erb (1.1ms)
Completed 200 OK in 211ms (Views: 208.9ms | ActiveRecord: 0.0ms)


Started GET "/students" for 127.0.0.1 at 2018-11-16 09:10:37 +0100
Processing by StaticController#students as HTML
  Rendering static/students.html.erb within layouts/application
  Rendered static/students.html.erb within layouts/application (0.6ms)
  Rendered shared/_header.html.erb (1.3ms)
Completed 200 OK in 241ms (Views: 239.4ms | ActiveRecord: 0.0ms)


Started GET "/students" for 127.0.0.1 at 2018-11-16 09:11:06 +0100
Processing by StaticController#students as HTML
  Rendering static/students.html.erb within layouts/application
  Rendered static/students.html.erb within layouts/application (0.7ms)
  Rendered shared/_header.html.erb (1.1ms)
Completed 200 OK in 197ms (Views: 195.1ms | ActiveRecord: 0.0ms)


Started GET "/students" for 127.0.0.1 at 2018-11-16 09:11:43 +0100
Processing by StaticController#students as HTML
  Rendering static/students.html.erb within layouts/application
  Rendered static/students.html.erb within layouts/application (0.8ms)
  Rendered shared/_header.html.erb (1.4ms)
Completed 200 OK in 220ms (Views: 219.4ms | ActiveRecord: 0.0ms)


Started GET "/students" for 127.0.0.1 at 2018-11-16 09:12:40 +0100
Processing by StaticController#students as HTML
  Rendering static/students.html.erb within layouts/application
  Rendered static/students.html.erb within layouts/application (0.8ms)
  Rendered shared/_header.html.erb (1.3ms)
Completed 200 OK in 206ms (Views: 204.5ms | ActiveRecord: 0.0ms)


Started GET "/students" for 127.0.0.1 at 2018-11-16 09:14:15 +0100
Processing by StaticController#students as HTML
  Rendering static/students.html.erb within layouts/application
  Rendered static/students.html.erb within layouts/application (0.8ms)
  Rendered shared/_header.html.erb (0.8ms)
Completed 200 OK in 18ms (Views: 17.2ms | ActiveRecord: 0.0ms)


Started GET "/students" for 127.0.0.1 at 2018-11-16 09:15:56 +0100
Processing by StaticController#students as HTML
  Rendering static/students.html.erb within layouts/application
  Rendered static/students.html.erb within layouts/application (0.7ms)
  Rendered shared/_header.html.erb (0.7ms)
Completed 200 OK in 17ms (Views: 16.5ms | ActiveRecord: 0.0ms)


Started GET "/students" for 127.0.0.1 at 2018-11-16 09:23:29 +0100
Processing by StaticController#students as HTML
  Rendering static/students.html.erb within layouts/application
  Rendered static/students.html.erb within layouts/application (0.9ms)
  Rendered shared/_header.html.erb (1.1ms)
Completed 200 OK in 294ms (Views: 293.3ms | ActiveRecord: 0.0ms)


Started GET "/students" for 127.0.0.1 at 2018-11-16 09:24:26 +0100
Processing by StaticController#students as HTML
  Rendering static/students.html.erb within layouts/application
  Rendered static/students.html.erb within layouts/application (0.8ms)
  Rendered shared/_header.html.erb (0.6ms)
Completed 200 OK in 427ms (Views: 426.6ms | ActiveRecord: 0.0ms)


Started GET "/students" for 127.0.0.1 at 2018-11-16 09:25:25 +0100
Processing by StaticController#students as HTML
  Rendering static/students.html.erb within layouts/application
  Rendered static/students.html.erb within layouts/application (0.8ms)
  Rendered shared/_header.html.erb (0.9ms)
Completed 200 OK in 103ms (Views: 102.7ms | ActiveRecord: 0.0ms)


Started GET "/students" for 127.0.0.1 at 2018-11-16 09:25:54 +0100
Processing by StaticController#students as HTML
  Rendering static/students.html.erb within layouts/application
  Rendered static/students.html.erb within layouts/application (0.8ms)
  Rendered shared/_header.html.erb (0.6ms)
Completed 200 OK in 203ms (Views: 202.6ms | ActiveRecord: 0.0ms)


Started GET "/students" for 127.0.0.1 at 2018-11-16 09:26:37 +0100
Processing by StaticController#students as HTML
  Rendering static/students.html.erb within layouts/application
  Rendered static/students.html.erb within layouts/application (0.9ms)
  Rendered shared/_header.html.erb (0.8ms)
Completed 200 OK in 101ms (Views: 99.9ms | ActiveRecord: 0.0ms)


Started GET "/students" for 127.0.0.1 at 2018-11-16 09:26:58 +0100
Processing by StaticController#students as HTML
  Rendering static/students.html.erb within layouts/application
  Rendered static/students.html.erb within layouts/application (1.0ms)
  Rendered shared/_header.html.erb (0.6ms)
Completed 200 OK in 81ms (Views: 78.5ms | ActiveRecord: 0.0ms)


Started GET "/students" for 127.0.0.1 at 2018-11-16 09:27:31 +0100
Processing by StaticController#students as HTML
  Rendering static/students.html.erb within layouts/application
  Rendered static/students.html.erb within layouts/application (0.8ms)
  Rendered shared/_header.html.erb (0.9ms)
Completed 200 OK in 75ms (Views: 74.5ms | ActiveRecord: 0.0ms)


Started GET "/students" for 127.0.0.1 at 2018-11-16 09:28:07 +0100
Processing by StaticController#students as HTML
  Rendering static/students.html.erb within layouts/application
  Rendered static/students.html.erb within layouts/application (0.9ms)
  Rendered shared/_header.html.erb (0.9ms)
Completed 200 OK in 83ms (Views: 82.4ms | ActiveRecord: 0.0ms)


Started GET "/students" for 127.0.0.1 at 2018-11-16 09:29:55 +0100
Processing by StaticController#students as HTML
  Rendering static/students.html.erb within layouts/application
  Rendered static/students.html.erb within layouts/application (0.9ms)
  Rendered shared/_header.html.erb (0.7ms)
Completed 200 OK in 16ms (Views: 15.0ms | ActiveRecord: 0.0ms)


Started GET "/students" for 127.0.0.1 at 2018-11-16 09:31:18 +0100
Processing by StaticController#students as HTML
  Rendering static/students.html.erb within layouts/application
  Rendered static/students.html.erb within layouts/application (0.9ms)
  Rendered shared/_header.html.erb (0.8ms)
Completed 200 OK in 18ms (Views: 17.6ms | ActiveRecord: 0.0ms)


Started GET "/students" for 127.0.0.1 at 2018-11-16 09:32:01 +0100
Processing by StaticController#students as HTML
  Rendering static/students.html.erb within layouts/application
  Rendered static/students.html.erb within layouts/application (1.1ms)
  Rendered shared/_header.html.erb (0.6ms)
Completed 200 OK in 81ms (Views: 79.9ms | ActiveRecord: 0.0ms)


Started GET "/students" for 127.0.0.1 at 2018-11-16 09:32:18 +0100
Processing by StaticController#students as HTML
  Rendering static/students.html.erb within layouts/application
  Rendered static/students.html.erb within layouts/application (0.9ms)
  Rendered shared/_header.html.erb (0.6ms)
Completed 200 OK in 76ms (Views: 75.3ms | ActiveRecord: 0.0ms)


Started GET "/students" for 127.0.0.1 at 2018-11-16 09:32:19 +0100
Processing by StaticController#students as HTML
  Rendering static/students.html.erb within layouts/application
  Rendered static/students.html.erb within layouts/application (1.0ms)
  Rendered shared/_header.html.erb (1.0ms)
Completed 200 OK in 24ms (Views: 21.7ms | ActiveRecord: 0.0ms)


Started GET "/students" for 127.0.0.1 at 2018-11-16 09:32:19 +0100
Processing by StaticController#students as HTML
  Rendering static/students.html.erb within layouts/application
  Rendered static/students.html.erb within layouts/application (2.9ms)
  Rendered shared/_header.html.erb (0.8ms)
Completed 200 OK in 43ms (Views: 40.9ms | ActiveRecord: 0.0ms)


Started GET "/students" for 127.0.0.1 at 2018-11-16 09:32:45 +0100
Processing by StaticController#students as HTML
  Rendering static/students.html.erb within layouts/application
  Rendered static/students.html.erb within layouts/application (0.8ms)
  Rendered shared/_header.html.erb (0.7ms)
Completed 200 OK in 78ms (Views: 77.0ms | ActiveRecord: 0.0ms)


Started GET "/students" for 127.0.0.1 at 2018-11-16 09:33:31 +0100
Processing by StaticController#students as HTML
  Rendering static/students.html.erb within layouts/application
  Rendered static/students.html.erb within layouts/application (0.9ms)
  Rendered shared/_header.html.erb (0.9ms)
Completed 200 OK in 20ms (Views: 18.8ms | ActiveRecord: 0.0ms)


Started GET "/students" for 127.0.0.1 at 2018-11-16 09:33:49 +0100
Processing by StaticController#students as HTML
  Rendering static/students.html.erb within layouts/application
  Rendered static/students.html.erb within layouts/application (0.9ms)
  Rendered shared/_header.html.erb (0.6ms)
Completed 200 OK in 21ms (Views: 20.3ms | ActiveRecord: 0.0ms)


Started GET "/students" for 127.0.0.1 at 2018-11-16 09:34:07 +0100
Processing by StaticController#students as HTML
  Rendering static/students.html.erb within layouts/application
  Rendered static/students.html.erb within layouts/application (0.9ms)
  Rendered shared/_header.html.erb (0.7ms)
Completed 200 OK in 18ms (Views: 17.4ms | ActiveRecord: 0.0ms)


Started GET "/students" for 127.0.0.1 at 2018-11-16 09:34:30 +0100
Processing by StaticController#students as HTML
  Rendering static/students.html.erb within layouts/application
  Rendered static/students.html.erb within layouts/application (1.0ms)
  Rendered shared/_header.html.erb (0.6ms)
Completed 200 OK in 18ms (Views: 17.3ms | ActiveRecord: 0.0ms)


Started GET "/students" for 127.0.0.1 at 2018-11-16 09:35:06 +0100
Processing by StaticController#students as HTML
  Rendering static/students.html.erb within layouts/application
  Rendered static/students.html.erb within layouts/application (0.8ms)
  Rendered shared/_header.html.erb (0.8ms)
Completed 200 OK in 17ms (Views: 16.1ms | ActiveRecord: 0.0ms)


Started GET "/students" for 127.0.0.1 at 2018-11-16 09:35:22 +0100
Processing by StaticController#students as HTML
  Rendering static/students.html.erb within layouts/application
  Rendered static/students.html.erb within layouts/application (0.9ms)
  Rendered shared/_header.html.erb (0.7ms)
Completed 200 OK in 17ms (Views: 16.7ms | ActiveRecord: 0.0ms)


Started GET "/students" for 127.0.0.1 at 2018-11-16 09:44:15 +0100
Processing by StaticController#students as HTML
  Rendering static/students.html.erb within layouts/application
  Rendered static/students.html.erb within layouts/application (0.8ms)
  Rendered shared/_header.html.erb (0.7ms)
Completed 200 OK in 17ms (Views: 16.7ms | ActiveRecord: 0.0ms)


Started GET "/students" for 127.0.0.1 at 2018-11-16 09:44:47 +0100
Processing by StaticController#students as HTML
  Rendering static/students.html.erb within layouts/application
  Rendered static/students.html.erb within layouts/application (1.2ms)
  Rendered shared/_header.html.erb (0.9ms)
Completed 200 OK in 83ms (Views: 81.9ms | ActiveRecord: 0.0ms)


Started GET "/students" for 127.0.0.1 at 2018-11-16 09:45:49 +0100
Processing by StaticController#students as HTML
  Rendering static/students.html.erb within layouts/application
  Rendered static/students.html.erb within layouts/application (1.2ms)
  Rendered shared/_header.html.erb (0.6ms)
Completed 200 OK in 76ms (Views: 75.2ms | ActiveRecord: 0.0ms)


Started GET "/students" for 127.0.0.1 at 2018-11-16 09:46:01 +0100
Processing by StaticController#students as HTML
  Rendering static/students.html.erb within layouts/application
  Rendered static/students.html.erb within layouts/application (1.0ms)
  Rendered shared/_header.html.erb (1.1ms)
Completed 200 OK in 25ms (Views: 23.3ms | ActiveRecord: 0.0ms)


Started GET "/students" for 127.0.0.1 at 2018-11-16 09:49:13 +0100
Processing by StaticController#students as HTML
  Rendering static/students.html.erb within layouts/application
  Rendered static/students.html.erb within layouts/application (1.0ms)
  Rendered shared/_header.html.erb (0.6ms)
Completed 200 OK in 17ms (Views: 16.7ms | ActiveRecord: 0.0ms)


Started GET "/students" for 127.0.0.1 at 2018-11-16 09:50:50 +0100
Processing by StaticController#students as HTML
  Rendering static/students.html.erb within layouts/application
  Rendered static/students.html.erb within layouts/application (1.0ms)
  Rendered shared/_header.html.erb (0.9ms)
Completed 200 OK in 79ms (Views: 78.2ms | ActiveRecord: 0.0ms)


Started GET "/students" for 127.0.0.1 at 2018-11-16 09:50:51 +0100
Processing by StaticController#students as HTML
  Rendering static/students.html.erb within layouts/application
  Rendered static/students.html.erb within layouts/application (1.1ms)
  Rendered shared/_header.html.erb (0.7ms)
Completed 200 OK in 18ms (Views: 17.4ms | ActiveRecord: 0.0ms)


Started GET "/students" for 127.0.0.1 at 2018-11-16 09:50:51 +0100
Processing by StaticController#students as HTML
  Rendering static/students.html.erb within layouts/application
  Rendered static/students.html.erb within layouts/application (1.0ms)
  Rendered shared/_header.html.erb (0.8ms)
Completed 200 OK in 23ms (Views: 22.3ms | ActiveRecord: 0.0ms)


Started GET "/students" for 127.0.0.1 at 2018-11-16 09:51:14 +0100
Processing by StaticController#students as HTML
  Rendering static/students.html.erb within layouts/application
  Rendered static/students.html.erb within layouts/application (1.2ms)
  Rendered shared/_header.html.erb (0.6ms)
Completed 200 OK in 75ms (Views: 74.1ms | ActiveRecord: 0.0ms)


Started GET "/students" for 127.0.0.1 at 2018-11-16 09:51:14 +0100
Processing by StaticController#students as HTML
  Rendering static/students.html.erb within layouts/application
  Rendered static/students.html.erb within layouts/application (0.9ms)
  Rendered shared/_header.html.erb (0.7ms)
Completed 200 OK in 18ms (Views: 16.8ms | ActiveRecord: 0.0ms)


Started GET "/students" for 127.0.0.1 at 2018-11-16 09:54:04 +0100
Processing by StaticController#students as HTML
  Rendering static/students.html.erb within layouts/application
  Rendered static/students.html.erb within layouts/application (0.9ms)
  Rendered shared/_header.html.erb (0.7ms)
Completed 200 OK in 18ms (Views: 16.9ms | ActiveRecord: 0.0ms)


Started GET "/students" for 127.0.0.1 at 2018-11-16 09:54:07 +0100
Processing by StaticController#students as HTML
  Rendering static/students.html.erb within layouts/application
  Rendered static/students.html.erb within layouts/application (2.6ms)
  Rendered shared/_header.html.erb (0.7ms)
Completed 200 OK in 40ms (Views: 37.6ms | ActiveRecord: 0.0ms)


Started GET "/corp" for 127.0.0.1 at 2018-11-16 09:54:10 +0100
Processing by StaticController#corp as HTML
  Rendering static/corp.html.erb within layouts/application
  Rendered static/corp.html.erb within layouts/application (2.5ms)
  Rendered shared/_header.html.erb (0.9ms)
Completed 200 OK in 40ms (Views: 38.5ms | ActiveRecord: 0.0ms)


Started GET "/corp" for 127.0.0.1 at 2018-11-16 09:54:48 +0100
Processing by StaticController#corp as HTML
  Rendering static/corp.html.erb within layouts/application
  Rendered static/corp.html.erb within layouts/application (0.8ms)
  Rendered shared/_header.html.erb (0.6ms)
Completed 200 OK in 16ms (Views: 15.2ms | ActiveRecord: 0.0ms)


Started GET "/corp" for 127.0.0.1 at 2018-11-16 09:54:49 +0100
Processing by StaticController#corp as HTML
  Rendering static/corp.html.erb within layouts/application
  Rendered static/corp.html.erb within layouts/application (3.4ms)
  Rendered shared/_header.html.erb (0.9ms)
Completed 200 OK in 43ms (Views: 40.5ms | ActiveRecord: 0.0ms)


Started GET "/students" for 127.0.0.1 at 2018-11-16 09:54:51 +0100
Processing by StaticController#students as HTML
  Rendering static/students.html.erb within layouts/application
  Rendered static/students.html.erb within layouts/application (0.9ms)
  Rendered shared/_header.html.erb (0.9ms)
Completed 200 OK in 17ms (Views: 16.2ms | ActiveRecord: 0.0ms)


Started GET "/corp" for 127.0.0.1 at 2018-11-16 09:54:53 +0100
Processing by StaticController#corp as HTML
  Rendering static/corp.html.erb within layouts/application
  Rendered static/corp.html.erb within layouts/application (0.9ms)
  Rendered shared/_header.html.erb (1.1ms)
Completed 200 OK in 19ms (Views: 18.7ms | ActiveRecord: 0.0ms)


Started GET "/corp" for 127.0.0.1 at 2018-11-16 09:55:01 +0100
Processing by StaticController#corp as HTML
  Rendering static/corp.html.erb within layouts/application
  Rendered static/corp.html.erb within layouts/application (1.2ms)
  Rendered shared/_header.html.erb (1.3ms)
Completed 200 OK in 23ms (Views: 20.6ms | ActiveRecord: 0.0ms)


Started GET "/corp" for 127.0.0.1 at 2018-11-16 09:56:26 +0100
Processing by StaticController#corp as HTML
  Rendering static/corp.html.erb within layouts/application
  Rendered static/corp.html.erb within layouts/application (0.9ms)
  Rendered shared/_header.html.erb (0.6ms)
Completed 200 OK in 21ms (Views: 20.3ms | ActiveRecord: 0.0ms)


Started GET "/lyon" for 127.0.0.1 at 2018-11-16 09:56:28 +0100
Processing by StaticController#lyon as HTML
  Rendering static/lyon.html.erb within layouts/application
  Rendered static/lyon.html.erb within layouts/application (3.4ms)
  Rendered shared/_header.html.erb (1.2ms)
Completed 200 OK in 45ms (Views: 42.6ms | ActiveRecord: 0.0ms)


Started GET "/" for 127.0.0.1 at 2018-11-16 09:56:36 +0100
Processing by StaticController#index as HTML
  Rendering static/index.html.erb within layouts/application
  Rendered static/index.html.erb within layouts/application (0.9ms)
  Rendered shared/_header.html.erb (1.0ms)
Completed 200 OK in 44ms (Views: 41.8ms | ActiveRecord: 0.0ms)


Started GET "/students" for 127.0.0.1 at 2018-11-16 09:56:40 +0100
Processing by StaticController#students as HTML
  Rendering static/students.html.erb within layouts/application
  Rendered static/students.html.erb within layouts/application (0.9ms)
  Rendered shared/_header.html.erb (0.7ms)
Completed 200 OK in 17ms (Views: 16.3ms | ActiveRecord: 0.0ms)


Started GET "/corp" for 127.0.0.1 at 2018-11-16 09:56:45 +0100
Processing by StaticController#corp as HTML
  Rendering static/corp.html.erb within layouts/application
  Rendered static/corp.html.erb within layouts/application (1.0ms)
  Rendered shared/_header.html.erb (0.8ms)
Completed 200 OK in 19ms (Views: 18.0ms | ActiveRecord: 0.0ms)


Started GET "/lyon" for 127.0.0.1 at 2018-11-16 09:56:48 +0100
Processing by StaticController#lyon as HTML
  Rendering static/lyon.html.erb within layouts/application
  Rendered static/lyon.html.erb within layouts/application (1.0ms)
  Rendered shared/_header.html.erb (1.0ms)
Completed 200 OK in 21ms (Views: 20.6ms | ActiveRecord: 0.0ms)


